#
# There is insufficient memory for the Java Runtime Environment to continue.
# Native memory allocation (mmap) failed to map 46137344 bytes. Error detail: G1 virtual space
# Possible reasons:
#   The system is out of physical RAM or swap space
#   This process is running with CompressedOops enabled, and the Java Heap may be blocking the growth of the native heap
# Possible solutions:
#   Reduce memory load on the system
#   Increase physical memory or swap space
#   Check if swap backing store is full
#   Decrease Java heap size (-Xmx/-Xms)
#   Decrease number of Java threads
#   Decrease Java thread stack sizes (-Xss)
#   Set larger code cache with -XX:ReservedCodeCacheSize=
#   JVM is running with Unscaled Compressed Oops mode in which the Java heap is
#     placed in the first 4GB address space. The Java Heap base address is the
#     maximum limit for the native heap growth. Please use -XX:HeapBaseMinAddress
#     to set the Java Heap base and to place the Java Heap above 4GB virtual address.
# This output file may be truncated or incomplete.
#
#  Out of Memory Error (os_windows.cpp:3616), pid=2440, tid=9988
#
# JRE version: OpenJDK Runtime Environment Temurin-21.0.5+11 (21.0.5+11) (build 21.0.5+11-LTS)
# Java VM: OpenJDK 64-Bit Server VM Temurin-21.0.5+11 (21.0.5+11-LTS, mixed mode, emulated-client, sharing, tiered, compressed oops, compressed class ptrs, g1 gc, windows-amd64)
# No core dump will be written. Minidumps are not enabled by default on client versions of Windows
#

---------------  S U M M A R Y ------------

Command Line: -Dcom.sun.management.jmxremote -Dcom.sun.management.jmxremote.port=53644 -Dcom.sun.management.jmxremote.authenticate=false -Dcom.sun.management.jmxremote.ssl=false -Djava.rmi.server.hostname=localhost -Dspring.jmx.enabled=true -Dmanagement.endpoints.jmx.exposure.include=* -Dspring.application.admin.enabled=true -XX:TieredStopAtLevel=1 -Dspring.boot.project.name=Enotes_spring_boot_project -Dfile.encoding=UTF-8 -Dstdout.encoding=UTF-8 -Dstderr.encoding=UTF-8 -XX:+ShowCodeDetailsInExceptionMessages com.kartik.EnotesSpringBootProjectApplication --spring.output.ansi.enabled=always

Host: Intel(R) Core(TM) i3-6100U CPU @ 2.30GHz, 4 cores, 7G,  Windows 10 , 64 bit Build 19041 (10.0.19041.3636)
Time: Wed Dec 25 21:09:01 2024 India Standard Time elapsed time: 2629.138302 seconds (0d 0h 43m 49s)

---------------  T H R E A D  ---------------

Current thread (0x00000216fe7c8d00):  VMThread "VM Thread"          [id=9988, stack(0x0000004ba5000000,0x0000004ba5100000) (1024K)]

Stack: [0x0000004ba5000000,0x0000004ba5100000]
Native frames: (J=compiled Java code, j=interpreted, Vv=VM code, C=native code)
V  [jvm.dll+0x6cd4e9]
V  [jvm.dll+0x8a7941]
V  [jvm.dll+0x8a9e6e]
V  [jvm.dll+0x8aa543]
V  [jvm.dll+0x27f6d6]
V  [jvm.dll+0x6c9c25]
V  [jvm.dll+0x6be84a]
V  [jvm.dll+0x355c6a]
V  [jvm.dll+0x35d836]
V  [jvm.dll+0x3af40e]
V  [jvm.dll+0x3af6b8]
V  [jvm.dll+0x329dfc]
V  [jvm.dll+0x329e87]
V  [jvm.dll+0x36dc4c]
V  [jvm.dll+0x36c498]
V  [jvm.dll+0x3295c1]
V  [jvm.dll+0x36bb0a]
V  [jvm.dll+0x8b025f]
V  [jvm.dll+0x8b15e4]
V  [jvm.dll+0x8b1b20]
V  [jvm.dll+0x8b1dc3]
V  [jvm.dll+0x8514fb]
V  [jvm.dll+0x6cbbed]
C  [ucrtbase.dll+0x21bb2]
C  [KERNEL32.DLL+0x17344]
C  [ntdll.dll+0x526b1]

VM_Operation (0x0000004ba47fd610): G1CollectForAllocation, mode: safepoint, requested by thread 0x00000216cf150e20


---------------  P R O C E S S  ---------------

Threads class SMR info:
_java_thread_list=0x00000216cf4f1700, length=23, elements={
0x00000216fe7e60e0, 0x00000216fe7e95a0, 0x00000216fe7ebb80, 0x00000216fe7ec5d0,
0x00000216fe7ed7c0, 0x00000216fe7f1770, 0x00000216fe7f7a80, 0x00000216cc08d3c0,
0x00000216cc0e1cd0, 0x00000216cc6e60f0, 0x00000216cc6f3da0, 0x00000216cc7215f0,
0x00000216cc79b400, 0x00000216cc7a2d80, 0x00000216cca20130, 0x00000216cf152860,
0x00000216cf155ce0, 0x00000216cca20e50, 0x00000216cca207c0, 0x00000216cca214e0,
0x00000216cca21b70, 0x00000216cf153580, 0x00000216cf150e20
}

Java Threads: ( => current thread )
  0x00000216fe7e60e0 JavaThread "Reference Handler"          daemon [_thread_blocked, id=11844, stack(0x0000004ba5100000,0x0000004ba5200000) (1024K)]
  0x00000216fe7e95a0 JavaThread "Finalizer"                  daemon [_thread_blocked, id=6816, stack(0x0000004ba5200000,0x0000004ba5300000) (1024K)]
  0x00000216fe7ebb80 JavaThread "Signal Dispatcher"          daemon [_thread_blocked, id=8696, stack(0x0000004ba5300000,0x0000004ba5400000) (1024K)]
  0x00000216fe7ec5d0 JavaThread "Attach Listener"            daemon [_thread_blocked, id=12232, stack(0x0000004ba5400000,0x0000004ba5500000) (1024K)]
  0x00000216fe7ed7c0 JavaThread "Service Thread"             daemon [_thread_blocked, id=9536, stack(0x0000004ba5500000,0x0000004ba5600000) (1024K)]
  0x00000216fe7f1770 JavaThread "Monitor Deflation Thread"   daemon [_thread_blocked, id=9616, stack(0x0000004ba5600000,0x0000004ba5700000) (1024K)]
  0x00000216fe7f7a80 JavaThread "C1 CompilerThread0"         daemon [_thread_blocked, id=9140, stack(0x0000004ba5700000,0x0000004ba5800000) (1024K)]
  0x00000216cc08d3c0 JavaThread "Common-Cleaner"             daemon [_thread_blocked, id=10212, stack(0x0000004ba5800000,0x0000004ba5900000) (1024K)]
  0x00000216cc0e1cd0 JavaThread "Notification Thread"        daemon [_thread_blocked, id=11176, stack(0x0000004ba5a00000,0x0000004ba5b00000) (1024K)]
  0x00000216cc6e60f0 JavaThread "RMI TCP Accept-0"           daemon [_thread_in_native, id=7180, stack(0x0000004ba5f00000,0x0000004ba6000000) (1024K)]
  0x00000216cc6f3da0 JavaThread "RMI TCP Accept-53644"       daemon [_thread_in_native, id=12008, stack(0x0000004ba6000000,0x0000004ba6100000) (1024K)]
  0x00000216cc7215f0 JavaThread "RMI TCP Accept-0"           daemon [_thread_in_native, id=2200, stack(0x0000004ba6100000,0x0000004ba6200000) (1024K)]
  0x00000216cc79b400 JavaThread "RMI Scheduler(0)"           daemon [_thread_blocked, id=8044, stack(0x0000004ba6400000,0x0000004ba6500000) (1024K)]
  0x00000216cc7a2d80 JavaThread "JMX server connection timeout 30" daemon [_thread_blocked, id=9772, stack(0x0000004ba6500000,0x0000004ba6600000) (1024K)]
  0x00000216cca20130 JavaThread "mysql-cj-abandoned-connection-cleanup" daemon [_thread_blocked, id=12892, stack(0x0000004ba6b00000,0x0000004ba6c00000) (1024K)]
  0x00000216cf152860 JavaThread "Live Reload Server"         daemon [_thread_in_native, id=11308, stack(0x0000004ba7100000,0x0000004ba7200000) (1024K)]
  0x00000216cf155ce0 JavaThread "DestroyJavaVM"                     [_thread_blocked, id=8136, stack(0x0000004ba4900000,0x0000004ba4a00000) (1024K)]
  0x00000216cca20e50 JavaThread "RMI TCP Connection(idle)"   daemon [_thread_blocked, id=7556, stack(0x0000004ba5900000,0x0000004ba5a00000) (1024K)]
  0x00000216cca207c0 JavaThread "RMI TCP Connection(idle)"   daemon [_thread_blocked, id=1100, stack(0x0000004ba4600000,0x0000004ba4700000) (1024K)]
  0x00000216cca214e0 JavaThread "RMI TCP Connection(idle)"   daemon [_thread_blocked, id=10064, stack(0x0000004ba6300000,0x0000004ba6400000) (1024K)]
  0x00000216cca21b70 JavaThread "RMI TCP Connection(idle)"   daemon [_thread_blocked, id=5280, stack(0x0000004ba7700000,0x0000004ba7800000) (1024K)]
  0x00000216cf153580 JavaThread "Thread-19"                         [_thread_blocked, id=4508, stack(0x0000004ba6700000,0x0000004ba6800000) (1024K)]
  0x00000216cf150e20 JavaThread "restartedMain"                     [_thread_blocked, id=8196, stack(0x0000004ba4700000,0x0000004ba4800000) (1024K)]
Total: 23

Other Threads:
=>0x00000216fe7c8d00 VMThread "VM Thread"                           [id=9988, stack(0x0000004ba5000000,0x0000004ba5100000) (1024K)]
  0x00000216fe7ba6d0 WatcherThread "VM Periodic Task Thread"        [id=1700, stack(0x0000004ba4f00000,0x0000004ba5000000) (1024K)]
  0x00000216fa1acf80 WorkerThread "GC Thread#0"                     [id=2628, stack(0x0000004ba4a00000,0x0000004ba4b00000) (1024K)]
  0x00000216cc569da0 WorkerThread "GC Thread#1"                     [id=9360, stack(0x0000004ba5c00000,0x0000004ba5d00000) (1024K)]
  0x00000216cc57fc10 WorkerThread "GC Thread#2"                     [id=1148, stack(0x0000004ba5d00000,0x0000004ba5e00000) (1024K)]
  0x00000216cc581fc0 WorkerThread "GC Thread#3"                     [id=1988, stack(0x0000004ba5e00000,0x0000004ba5f00000) (1024K)]
  0x00000216fa1be070 ConcurrentGCThread "G1 Main Marker"            [id=3544, stack(0x0000004ba4b00000,0x0000004ba4c00000) (1024K)]
  0x00000216fa1c3640 WorkerThread "G1 Conc#0"                       [id=4748, stack(0x0000004ba4c00000,0x0000004ba4d00000) (1024K)]
  0x00000216fa21e530 ConcurrentGCThread "G1 Refine#0"               [id=11976, stack(0x0000004ba4d00000,0x0000004ba4e00000) (1024K)]
  0x00000216fe690140 ConcurrentGCThread "G1 Service"                [id=10320, stack(0x0000004ba4e00000,0x0000004ba4f00000) (1024K)]
Total: 10

Threads with active compile tasks:
Total: 0

VM state: at safepoint (normal execution)

VM Mutex/Monitor currently owned by a thread:  ([mutex/lock_event])
[0x00007ff8f580d380] Threads_lock - owner thread: 0x00000216fe7c8d00
[0x00007ff8f580d480] Heap_lock - owner thread: 0x00000216cf150e20

Heap address: 0x0000000084200000, size: 1982 MB, Compressed Oops mode: 32-bit

CDS archive(s) mapped at: [0x0000021687000000-0x0000021687c80000-0x0000021687c80000), size 13107200, SharedBaseAddress: 0x0000021687000000, ArchiveRelocationMode: 1.
Compressed class space mapped at: 0x0000021688000000-0x00000216c8000000, reserved size: 1073741824
Narrow klass base: 0x0000021687000000, Narrow klass shift: 0, Narrow klass range: 0x100000000

GC Precious Log:
 CardTable entry size: 512
 Card Set container configuration: InlinePtr #cards 5 size 8 Array Of Cards #cards 12 size 40 Howl #buckets 4 coarsen threshold 1843 Howl Bitmap #cards 512 size 80 coarsen threshold 460 Card regions per heap region 1 cards per card region 2048
 CPUs: 4 total, 4 available
 Memory: 7926M
 Large Page Support: Disabled
 NUMA Support: Disabled
 Compressed Oops: Enabled (32-bit)
 Heap Region Size: 1M
 Heap Min Capacity: 8M
 Heap Initial Capacity: 124M
 Heap Max Capacity: 1982M
 Pre-touch: Disabled
 Parallel Workers: 4
 Concurrent Workers: 1
 Concurrent Refinement Workers: 4
 Periodic GC: Disabled

Heap:
 garbage-first heap   total 126976K, used 27147K [0x0000000084200000, 0x0000000100000000)
  region size 1024K, 4 young (4096K), 4 survivors (4096K)
 Metaspace       used 72609K, committed 73344K, reserved 1114112K
  class space    used 10069K, committed 10432K, reserved 1048576K

Heap Regions: E=young(eden), S=young(survivor), O=old, HS=humongous(starts), HC=humongous(continues), CS=collection set, F=free, TAMS=top-at-mark-start, PB=parsable bottom
|   0|0x0000000084200000, 0x0000000084300000, 0x0000000084300000|100%|HS|  |TAMS 0x0000000084300000| PB 0x0000000084200000| Untracked 
|   1|0x0000000084300000, 0x0000000084400000, 0x0000000084400000|100%|HS|  |TAMS 0x0000000084400000| PB 0x0000000084300000| Untracked 
|   2|0x0000000084400000, 0x0000000084500000, 0x0000000084500000|100%| O|  |TAMS 0x0000000084500000| PB 0x0000000084400000| Untracked 
|   3|0x0000000084500000, 0x0000000084600000, 0x0000000084600000|100%| O|  |TAMS 0x0000000084600000| PB 0x0000000084500000| Untracked 
|   4|0x0000000084600000, 0x00000000846fffb0, 0x0000000084700000| 99%| O|  |TAMS 0x00000000846fffb0| PB 0x0000000084600000| Untracked 
|   5|0x0000000084700000, 0x0000000084800000, 0x0000000084800000|100%| O|  |TAMS 0x0000000084800000| PB 0x0000000084700000| Untracked 
|   6|0x0000000084800000, 0x00000000848fffd0, 0x0000000084900000| 99%| O|  |TAMS 0x00000000848fffd0| PB 0x0000000084800000| Untracked 
|   7|0x0000000084900000, 0x00000000849ffff0, 0x0000000084a00000| 99%| O|  |TAMS 0x00000000849ffff0| PB 0x0000000084900000| Untracked 
|   8|0x0000000084a00000, 0x0000000084affff0, 0x0000000084b00000| 99%| O|  |TAMS 0x0000000084affff0| PB 0x0000000084a00000| Untracked 
|   9|0x0000000084b00000, 0x0000000084c00000, 0x0000000084c00000|100%| O|  |TAMS 0x0000000084c00000| PB 0x0000000084b00000| Untracked 
|  10|0x0000000084c00000, 0x0000000084cfffe0, 0x0000000084d00000| 99%| O|  |TAMS 0x0000000084cfffe0| PB 0x0000000084c00000| Untracked 
|  11|0x0000000084d00000, 0x0000000084dfffc8, 0x0000000084e00000| 99%| O|  |TAMS 0x0000000084dfffc8| PB 0x0000000084d00000| Untracked 
|  12|0x0000000084e00000, 0x0000000084effff8, 0x0000000084f00000| 99%| O|  |TAMS 0x0000000084effff8| PB 0x0000000084e00000| Untracked 
|  13|0x0000000084f00000, 0x0000000084fff960, 0x0000000085000000| 99%| O|  |TAMS 0x0000000084fff960| PB 0x0000000084f00000| Untracked 
|  14|0x0000000085000000, 0x00000000850ffff0, 0x0000000085100000| 99%| O|  |TAMS 0x00000000850ffff0| PB 0x0000000085000000| Untracked 
|  15|0x0000000085100000, 0x00000000851ffff0, 0x0000000085200000| 99%| O|  |TAMS 0x00000000851ffff0| PB 0x0000000085100000| Untracked 
|  16|0x0000000085200000, 0x00000000852f4400, 0x0000000085300000| 95%| O|  |TAMS 0x00000000852f4400| PB 0x0000000085200000| Untracked 
|  17|0x0000000085300000, 0x0000000085400000, 0x0000000085400000|100%| O|  |TAMS 0x0000000085400000| PB 0x0000000085300000| Untracked 
|  18|0x0000000085400000, 0x00000000854ffff0, 0x0000000085500000| 99%| O|  |TAMS 0x00000000854ffff0| PB 0x0000000085400000| Untracked 
|  19|0x0000000085500000, 0x00000000855fffe0, 0x0000000085600000| 99%| O|  |TAMS 0x00000000855fffe0| PB 0x0000000085500000| Untracked 
|  20|0x0000000085600000, 0x00000000856fffc0, 0x0000000085700000| 99%| O|  |TAMS 0x00000000856fffc0| PB 0x0000000085600000| Untracked 
|  21|0x0000000085700000, 0x00000000857ffff0, 0x0000000085800000| 99%| O|  |TAMS 0x00000000857ffff0| PB 0x0000000085700000| Untracked 
|  22|0x0000000085800000, 0x00000000858a2138, 0x0000000085900000| 63%| O|  |TAMS 0x00000000858a2138| PB 0x0000000085800000| Untracked 
|  23|0x0000000085900000, 0x000000008592dd78, 0x0000000085a00000| 17%| O|  |TAMS 0x000000008592dd78| PB 0x0000000085900000| Untracked 
|  24|0x0000000085a00000, 0x0000000085a390a0, 0x0000000085b00000| 22%| O|  |TAMS 0x0000000085a390a0| PB 0x0000000085a00000| Untracked 
|  25|0x0000000085b00000, 0x0000000085b00000, 0x0000000085c00000|  0%| F|  |TAMS 0x0000000085b00000| PB 0x0000000085b00000| Untracked 
|  26|0x0000000085c00000, 0x0000000085c00000, 0x0000000085d00000|  0%| F|  |TAMS 0x0000000085c00000| PB 0x0000000085c00000| Untracked 
|  27|0x0000000085d00000, 0x0000000085d00000, 0x0000000085e00000|  0%| F|  |TAMS 0x0000000085d00000| PB 0x0000000085d00000| Untracked 
|  28|0x0000000085e00000, 0x0000000085e00000, 0x0000000085f00000|  0%| F|  |TAMS 0x0000000085e00000| PB 0x0000000085e00000| Untracked 
|  29|0x0000000085f00000, 0x0000000085f862e0, 0x0000000086000000| 52%| S|CS|TAMS 0x0000000085f00000| PB 0x0000000085f00000| Complete 
|  30|0x0000000086000000, 0x0000000086100000, 0x0000000086100000|100%| S|CS|TAMS 0x0000000086000000| PB 0x0000000086000000| Complete 
|  31|0x0000000086100000, 0x0000000086200000, 0x0000000086200000|100%| S|CS|TAMS 0x0000000086100000| PB 0x0000000086100000| Complete 
|  32|0x0000000086200000, 0x0000000086300000, 0x0000000086300000|100%| S|CS|TAMS 0x0000000086200000| PB 0x0000000086200000| Complete 
|  33|0x0000000086300000, 0x0000000086300000, 0x0000000086400000|  0%| F|  |TAMS 0x0000000086300000| PB 0x0000000086300000| Untracked 
|  34|0x0000000086400000, 0x0000000086400000, 0x0000000086500000|  0%| F|  |TAMS 0x0000000086400000| PB 0x0000000086400000| Untracked 
|  35|0x0000000086500000, 0x0000000086500000, 0x0000000086600000|  0%| F|  |TAMS 0x0000000086500000| PB 0x0000000086500000| Untracked 
|  36|0x0000000086600000, 0x0000000086600000, 0x0000000086700000|  0%| F|  |TAMS 0x0000000086600000| PB 0x0000000086600000| Untracked 
|  37|0x0000000086700000, 0x0000000086700000, 0x0000000086800000|  0%| F|  |TAMS 0x0000000086700000| PB 0x0000000086700000| Untracked 
|  38|0x0000000086800000, 0x0000000086800000, 0x0000000086900000|  0%| F|  |TAMS 0x0000000086800000| PB 0x0000000086800000| Untracked 
|  39|0x0000000086900000, 0x0000000086900000, 0x0000000086a00000|  0%| F|  |TAMS 0x0000000086900000| PB 0x0000000086900000| Untracked 
|  40|0x0000000086a00000, 0x0000000086a00000, 0x0000000086b00000|  0%| F|  |TAMS 0x0000000086a00000| PB 0x0000000086a00000| Untracked 
|  41|0x0000000086b00000, 0x0000000086b00000, 0x0000000086c00000|  0%| F|  |TAMS 0x0000000086b00000| PB 0x0000000086b00000| Untracked 
|  42|0x0000000086c00000, 0x0000000086c00000, 0x0000000086d00000|  0%| F|  |TAMS 0x0000000086c00000| PB 0x0000000086c00000| Untracked 
|  43|0x0000000086d00000, 0x0000000086d00000, 0x0000000086e00000|  0%| F|  |TAMS 0x0000000086d00000| PB 0x0000000086d00000| Untracked 
|  44|0x0000000086e00000, 0x0000000086e00000, 0x0000000086f00000|  0%| F|  |TAMS 0x0000000086e00000| PB 0x0000000086e00000| Untracked 
|  45|0x0000000086f00000, 0x0000000086f00000, 0x0000000087000000|  0%| F|  |TAMS 0x0000000086f00000| PB 0x0000000086f00000| Untracked 
|  46|0x0000000087000000, 0x0000000087000000, 0x0000000087100000|  0%| F|  |TAMS 0x0000000087000000| PB 0x0000000087000000| Untracked 
|  47|0x0000000087100000, 0x0000000087100000, 0x0000000087200000|  0%| F|  |TAMS 0x0000000087100000| PB 0x0000000087100000| Untracked 
|  48|0x0000000087200000, 0x0000000087200000, 0x0000000087300000|  0%| F|  |TAMS 0x0000000087200000| PB 0x0000000087200000| Untracked 
|  49|0x0000000087300000, 0x0000000087300000, 0x0000000087400000|  0%| F|  |TAMS 0x0000000087300000| PB 0x0000000087300000| Untracked 
|  50|0x0000000087400000, 0x0000000087400000, 0x0000000087500000|  0%| F|  |TAMS 0x0000000087400000| PB 0x0000000087400000| Untracked 
|  51|0x0000000087500000, 0x0000000087500000, 0x0000000087600000|  0%| F|  |TAMS 0x0000000087500000| PB 0x0000000087500000| Untracked 
|  52|0x0000000087600000, 0x0000000087600000, 0x0000000087700000|  0%| F|  |TAMS 0x0000000087600000| PB 0x0000000087600000| Untracked 
|  53|0x0000000087700000, 0x0000000087700000, 0x0000000087800000|  0%| F|  |TAMS 0x0000000087700000| PB 0x0000000087700000| Untracked 
|  54|0x0000000087800000, 0x0000000087800000, 0x0000000087900000|  0%| F|  |TAMS 0x0000000087800000| PB 0x0000000087800000| Untracked 
|  55|0x0000000087900000, 0x0000000087900000, 0x0000000087a00000|  0%| F|  |TAMS 0x0000000087900000| PB 0x0000000087900000| Untracked 
|  56|0x0000000087a00000, 0x0000000087a00000, 0x0000000087b00000|  0%| F|  |TAMS 0x0000000087a00000| PB 0x0000000087a00000| Untracked 
|  57|0x0000000087b00000, 0x0000000087b00000, 0x0000000087c00000|  0%| F|  |TAMS 0x0000000087b00000| PB 0x0000000087b00000| Untracked 
|  58|0x0000000087c00000, 0x0000000087c00000, 0x0000000087d00000|  0%| F|  |TAMS 0x0000000087c00000| PB 0x0000000087c00000| Untracked 
|  59|0x0000000087d00000, 0x0000000087d00000, 0x0000000087e00000|  0%| F|  |TAMS 0x0000000087d00000| PB 0x0000000087d00000| Untracked 
|  60|0x0000000087e00000, 0x0000000087e00000, 0x0000000087f00000|  0%| F|  |TAMS 0x0000000087e00000| PB 0x0000000087e00000| Untracked 
|  61|0x0000000087f00000, 0x0000000087f00000, 0x0000000088000000|  0%| F|  |TAMS 0x0000000087f00000| PB 0x0000000087f00000| Untracked 
|  62|0x0000000088000000, 0x0000000088000000, 0x0000000088100000|  0%| F|  |TAMS 0x0000000088000000| PB 0x0000000088000000| Untracked 
|  63|0x0000000088100000, 0x0000000088100000, 0x0000000088200000|  0%| F|  |TAMS 0x0000000088100000| PB 0x0000000088100000| Untracked 
|  64|0x0000000088200000, 0x0000000088200000, 0x0000000088300000|  0%| F|  |TAMS 0x0000000088200000| PB 0x0000000088200000| Untracked 
|  65|0x0000000088300000, 0x0000000088300000, 0x0000000088400000|  0%| F|  |TAMS 0x0000000088300000| PB 0x0000000088300000| Untracked 
|  66|0x0000000088400000, 0x0000000088400000, 0x0000000088500000|  0%| F|  |TAMS 0x0000000088400000| PB 0x0000000088400000| Untracked 
|  67|0x0000000088500000, 0x0000000088500000, 0x0000000088600000|  0%| F|  |TAMS 0x0000000088500000| PB 0x0000000088500000| Untracked 
|  68|0x0000000088600000, 0x0000000088600000, 0x0000000088700000|  0%| F|  |TAMS 0x0000000088600000| PB 0x0000000088600000| Untracked 
|  69|0x0000000088700000, 0x0000000088700000, 0x0000000088800000|  0%| F|  |TAMS 0x0000000088700000| PB 0x0000000088700000| Untracked 
|  70|0x0000000088800000, 0x0000000088800000, 0x0000000088900000|  0%| F|  |TAMS 0x0000000088800000| PB 0x0000000088800000| Untracked 
|  71|0x0000000088900000, 0x0000000088900000, 0x0000000088a00000|  0%| F|  |TAMS 0x0000000088900000| PB 0x0000000088900000| Untracked 
|  72|0x0000000088a00000, 0x0000000088a00000, 0x0000000088b00000|  0%| F|  |TAMS 0x0000000088a00000| PB 0x0000000088a00000| Untracked 
|  73|0x0000000088b00000, 0x0000000088b00000, 0x0000000088c00000|  0%| F|  |TAMS 0x0000000088b00000| PB 0x0000000088b00000| Untracked 
|  74|0x0000000088c00000, 0x0000000088c00000, 0x0000000088d00000|  0%| F|  |TAMS 0x0000000088c00000| PB 0x0000000088c00000| Untracked 
|  75|0x0000000088d00000, 0x0000000088d00000, 0x0000000088e00000|  0%| F|  |TAMS 0x0000000088d00000| PB 0x0000000088d00000| Untracked 
|  76|0x0000000088e00000, 0x0000000088e00000, 0x0000000088f00000|  0%| F|  |TAMS 0x0000000088e00000| PB 0x0000000088e00000| Untracked 
|  77|0x0000000088f00000, 0x0000000088f00000, 0x0000000089000000|  0%| F|  |TAMS 0x0000000088f00000| PB 0x0000000088f00000| Untracked 
|  78|0x0000000089000000, 0x0000000089000000, 0x0000000089100000|  0%| F|  |TAMS 0x0000000089000000| PB 0x0000000089000000| Untracked 
|  79|0x0000000089100000, 0x0000000089100000, 0x0000000089200000|  0%| F|  |TAMS 0x0000000089100000| PB 0x0000000089100000| Untracked 
|  80|0x0000000089200000, 0x0000000089200000, 0x0000000089300000|  0%| F|  |TAMS 0x0000000089200000| PB 0x0000000089200000| Untracked 
|  81|0x0000000089300000, 0x0000000089300000, 0x0000000089400000|  0%| F|  |TAMS 0x0000000089300000| PB 0x0000000089300000| Untracked 
|  82|0x0000000089400000, 0x0000000089400000, 0x0000000089500000|  0%| F|  |TAMS 0x0000000089400000| PB 0x0000000089400000| Untracked 
|  83|0x0000000089500000, 0x0000000089500000, 0x0000000089600000|  0%| F|  |TAMS 0x0000000089500000| PB 0x0000000089500000| Untracked 
|  84|0x0000000089600000, 0x0000000089600000, 0x0000000089700000|  0%| F|  |TAMS 0x0000000089600000| PB 0x0000000089600000| Untracked 
|  85|0x0000000089700000, 0x0000000089700000, 0x0000000089800000|  0%| F|  |TAMS 0x0000000089700000| PB 0x0000000089700000| Untracked 
|  86|0x0000000089800000, 0x0000000089800000, 0x0000000089900000|  0%| F|  |TAMS 0x0000000089800000| PB 0x0000000089800000| Untracked 
|  87|0x0000000089900000, 0x0000000089900000, 0x0000000089a00000|  0%| F|  |TAMS 0x0000000089900000| PB 0x0000000089900000| Untracked 
|  88|0x0000000089a00000, 0x0000000089a00000, 0x0000000089b00000|  0%| F|  |TAMS 0x0000000089a00000| PB 0x0000000089a00000| Untracked 
|  89|0x0000000089b00000, 0x0000000089b00000, 0x0000000089c00000|  0%| F|  |TAMS 0x0000000089b00000| PB 0x0000000089b00000| Untracked 
|  90|0x0000000089c00000, 0x0000000089c00000, 0x0000000089d00000|  0%| F|  |TAMS 0x0000000089c00000| PB 0x0000000089c00000| Untracked 
|  91|0x0000000089d00000, 0x0000000089d00000, 0x0000000089e00000|  0%| F|  |TAMS 0x0000000089d00000| PB 0x0000000089d00000| Untracked 
|  92|0x0000000089e00000, 0x0000000089e00000, 0x0000000089f00000|  0%| F|  |TAMS 0x0000000089e00000| PB 0x0000000089e00000| Untracked 
|  93|0x0000000089f00000, 0x0000000089f00000, 0x000000008a000000|  0%| F|  |TAMS 0x0000000089f00000| PB 0x0000000089f00000| Untracked 
|  94|0x000000008a000000, 0x000000008a000000, 0x000000008a100000|  0%| F|  |TAMS 0x000000008a000000| PB 0x000000008a000000| Untracked 
|  95|0x000000008a100000, 0x000000008a100000, 0x000000008a200000|  0%| F|  |TAMS 0x000000008a100000| PB 0x000000008a100000| Untracked 
|  96|0x000000008a200000, 0x000000008a200000, 0x000000008a300000|  0%| F|  |TAMS 0x000000008a200000| PB 0x000000008a200000| Untracked 
|  97|0x000000008a300000, 0x000000008a300000, 0x000000008a400000|  0%| F|  |TAMS 0x000000008a300000| PB 0x000000008a300000| Untracked 
|  98|0x000000008a400000, 0x000000008a400000, 0x000000008a500000|  0%| F|  |TAMS 0x000000008a400000| PB 0x000000008a400000| Untracked 
|  99|0x000000008a500000, 0x000000008a500000, 0x000000008a600000|  0%| F|  |TAMS 0x000000008a500000| PB 0x000000008a500000| Untracked 
| 100|0x000000008a600000, 0x000000008a600000, 0x000000008a700000|  0%| F|  |TAMS 0x000000008a600000| PB 0x000000008a600000| Untracked 
| 101|0x000000008a700000, 0x000000008a700000, 0x000000008a800000|  0%| F|  |TAMS 0x000000008a700000| PB 0x000000008a700000| Untracked 
| 102|0x000000008a800000, 0x000000008a800000, 0x000000008a900000|  0%| F|  |TAMS 0x000000008a800000| PB 0x000000008a800000| Untracked 
| 103|0x000000008a900000, 0x000000008a900000, 0x000000008aa00000|  0%| F|  |TAMS 0x000000008a900000| PB 0x000000008a900000| Untracked 
| 104|0x000000008aa00000, 0x000000008aa00000, 0x000000008ab00000|  0%| F|  |TAMS 0x000000008aa00000| PB 0x000000008aa00000| Untracked 
| 105|0x000000008ab00000, 0x000000008ab00000, 0x000000008ac00000|  0%| F|  |TAMS 0x000000008ab00000| PB 0x000000008ab00000| Untracked 
| 106|0x000000008ac00000, 0x000000008ac00000, 0x000000008ad00000|  0%| F|  |TAMS 0x000000008ac00000| PB 0x000000008ac00000| Untracked 
| 107|0x000000008ad00000, 0x000000008ad00000, 0x000000008ae00000|  0%| F|  |TAMS 0x000000008ad00000| PB 0x000000008ad00000| Untracked 
| 108|0x000000008ae00000, 0x000000008ae00000, 0x000000008af00000|  0%| F|  |TAMS 0x000000008ae00000| PB 0x000000008ae00000| Untracked 
| 109|0x000000008af00000, 0x000000008af00000, 0x000000008b000000|  0%| F|  |TAMS 0x000000008af00000| PB 0x000000008af00000| Untracked 
| 110|0x000000008b000000, 0x000000008b000000, 0x000000008b100000|  0%| F|  |TAMS 0x000000008b000000| PB 0x000000008b000000| Untracked 
| 111|0x000000008b100000, 0x000000008b100000, 0x000000008b200000|  0%| F|  |TAMS 0x000000008b100000| PB 0x000000008b100000| Untracked 
| 112|0x000000008b200000, 0x000000008b200000, 0x000000008b300000|  0%| F|  |TAMS 0x000000008b200000| PB 0x000000008b200000| Untracked 
| 113|0x000000008b300000, 0x000000008b300000, 0x000000008b400000|  0%| F|  |TAMS 0x000000008b300000| PB 0x000000008b300000| Untracked 
| 114|0x000000008b400000, 0x000000008b400000, 0x000000008b500000|  0%| F|  |TAMS 0x000000008b400000| PB 0x000000008b400000| Untracked 
| 115|0x000000008b500000, 0x000000008b500000, 0x000000008b600000|  0%| F|  |TAMS 0x000000008b500000| PB 0x000000008b500000| Untracked 
| 116|0x000000008b600000, 0x000000008b600000, 0x000000008b700000|  0%| F|  |TAMS 0x000000008b600000| PB 0x000000008b600000| Untracked 
| 117|0x000000008b700000, 0x000000008b700000, 0x000000008b800000|  0%| F|  |TAMS 0x000000008b700000| PB 0x000000008b700000| Untracked 
| 118|0x000000008b800000, 0x000000008b800000, 0x000000008b900000|  0%| F|  |TAMS 0x000000008b800000| PB 0x000000008b800000| Untracked 
| 119|0x000000008b900000, 0x000000008b900000, 0x000000008ba00000|  0%| F|  |TAMS 0x000000008b900000| PB 0x000000008b900000| Untracked 
| 120|0x000000008ba00000, 0x000000008ba00000, 0x000000008bb00000|  0%| F|  |TAMS 0x000000008ba00000| PB 0x000000008ba00000| Untracked 
| 121|0x000000008bb00000, 0x000000008bb00000, 0x000000008bc00000|  0%| F|  |TAMS 0x000000008bb00000| PB 0x000000008bb00000| Untracked 
| 122|0x000000008bc00000, 0x000000008bc00000, 0x000000008bd00000|  0%| F|  |TAMS 0x000000008bc00000| PB 0x000000008bc00000| Untracked 
| 123|0x000000008bd00000, 0x000000008bd00000, 0x000000008be00000|  0%| F|  |TAMS 0x000000008bd00000| PB 0x000000008bd00000| Untracked 

Card table byte_map: [0x00000216fe050000,0x00000216fe430000] _byte_map_base: 0x00000216fdc2f000

Marking Bits: (CMBitMap*) 0x00000216fa1ad680
 Bits: [0x0000021683000000, 0x0000021684ef8000)

Polling page: 0x00000216f8160000

Metaspace:

Usage:
  Non-class:     61.07 MB used.
      Class:      9.83 MB used.
       Both:     70.91 MB used.

Virtual space:
  Non-class space:       64.00 MB reserved,      61.44 MB ( 96%) committed,  1 nodes.
      Class space:        1.00 GB reserved,      10.19 MB ( <1%) committed,  1 nodes.
             Both:        1.06 GB reserved,      71.62 MB (  7%) committed. 

Chunk freelists:
   Non-Class:  1.98 MB
       Class:  5.71 MB
        Both:  7.69 MB

MaxMetaspaceSize: unlimited
CompressedClassSpaceSize: 1.00 GB
Initial GC threshold: 21.00 MB
Current GC threshold: 119.31 MB
CDS: on
 - commit_granule_bytes: 65536.
 - commit_granule_words: 8192.
 - virtual_space_node_default_size: 8388608.
 - enlarge_chunks_in_place: 1.
 - use_allocation_guard: 0.


Internal statistics:

num_allocs_failed_limit: 15.
num_arena_births: 1824.
num_arena_deaths: 1032.
num_vsnodes_births: 2.
num_vsnodes_deaths: 0.
num_space_committed: 1146.
num_space_uncommitted: 0.
num_chunks_returned_to_freelist: 1277.
num_chunks_taken_from_freelist: 4732.
num_chunk_merges: 239.
num_chunk_splits: 2865.
num_chunks_enlarged: 2183.
num_inconsistent_stats: 0.

CodeCache: size=49152Kb used=12808Kb max_used=13679Kb free=36343Kb
 bounds [0x0000021680000000, 0x0000021680d60000, 0x0000021683000000]
 total_blobs=7303 nmethods=6554 adapters=672
 compilation: enabled
              stopped_count=0, restarted_count=0
 full_count=0

Compilation events (20 events):
Event: 2629.098 Thread 0x00000216fe7f7a80 9284       1       java.lang.invoke.DirectMethodHandle$Accessor::checkCast (9 bytes)
Event: 2629.098 Thread 0x00000216fe7f7a80 nmethod 9284 0x00000216805cdd90 code [0x00000216805cdf40, 0x00000216805ce118]
Event: 2629.098 Thread 0x00000216fe7f7a80 9285       1       java.lang.invoke.LambdaForm$MH/0x0000021688360400::invoke (36 bytes)
Event: 2629.098 Thread 0x00000216fe7f7a80 nmethod 9285 0x00000216802bc390 code [0x00000216802bc560, 0x00000216802bc7c8]
Event: 2629.098 Thread 0x00000216fe7f7a80 9286       1       org.springframework.asm.Type::getDescriptor (75 bytes)
Event: 2629.099 Thread 0x00000216fe7f7a80 nmethod 9286 0x00000216802bbe90 code [0x00000216802bc060, 0x00000216802bc260]
Event: 2629.099 Thread 0x00000216fe7f7a80 9287       1       org.springframework.asm.MethodVisitor::visitInsn (16 bytes)
Event: 2629.099 Thread 0x00000216fe7f7a80 nmethod 9287 0x000002168079ce90 code [0x000002168079d040, 0x000002168079d140]
Event: 2629.099 Thread 0x00000216fe7f7a80 9288       1       org.springframework.asm.ByteVector::put122 (93 bytes)
Event: 2629.099 Thread 0x00000216fe7f7a80 nmethod 9288 0x00000216802bba10 code [0x00000216802bbbc0, 0x00000216802bbd78]
Event: 2629.099 Thread 0x00000216fe7f7a80 9289       1       org.springframework.asm.SymbolTable::addConstantClass (8 bytes)
Event: 2629.099 Thread 0x00000216fe7f7a80 nmethod 9289 0x000002168081ef10 code [0x000002168081f0c0, 0x000002168081f1a8]
Event: 2629.099 Thread 0x00000216fe7f7a80 9290       1       org.springframework.asm.Frame::pop (42 bytes)
Event: 2629.100 Thread 0x00000216fe7f7a80 nmethod 9290 0x00000216802bb610 code [0x00000216802bb7c0, 0x00000216802bb900]
Event: 2629.100 Thread 0x00000216fe7f7a80 9291       1       org.springframework.cglib.core.TypeUtils::isStatic (13 bytes)
Event: 2629.100 Thread 0x00000216fe7f7a80 nmethod 9291 0x0000021680b42d10 code [0x0000021680b42ea0, 0x0000021680b42f58]
Event: 2629.118 Thread 0x00000216fe7f7a80 9292       1       java.lang.Class::isLocalOrAnonymousClass (5 bytes)
Event: 2629.118 Thread 0x00000216fe7f7a80 nmethod 9292 0x00000216802bb290 code [0x00000216802bb440, 0x00000216802bb568]
Event: 2629.118 Thread 0x00000216fe7f7a80 9293       1       java.lang.Class::hasEnclosingMethodInfo (17 bytes)
Event: 2629.118 Thread 0x00000216fe7f7a80 nmethod 9293 0x00000216802bac90 code [0x00000216802bae40, 0x00000216802baf88]

GC Heap History (20 events):
Event: 1497.421 GC heap after
{Heap after GC invocations=28 (full 2):
 garbage-first heap   total 61440K, used 34564K [0x0000000084200000, 0x0000000100000000)
  region size 1024K, 1 young (1024K), 1 survivors (1024K)
 Metaspace       used 72258K, committed 72896K, reserved 1114112K
  class space    used 10038K, committed 10368K, reserved 1048576K
}
Event: 2423.297 GC heap before
{Heap before GC invocations=29 (full 2):
 garbage-first heap   total 61440K, used 50948K [0x0000000084200000, 0x0000000100000000)
  region size 1024K, 18 young (18432K), 1 survivors (1024K)
 Metaspace       used 72236K, committed 72896K, reserved 1114112K
  class space    used 10032K, committed 10368K, reserved 1048576K
}
Event: 2423.376 GC heap after
{Heap after GC invocations=30 (full 3):
 garbage-first heap   total 61440K, used 25088K [0x0000000084200000, 0x0000000100000000)
  region size 1024K, 0 young (0K), 0 survivors (0K)
 Metaspace       used 72163K, committed 72896K, reserved 1114112K
  class space    used 10018K, committed 10368K, reserved 1048576K
}
Event: 2424.199 GC heap before
{Heap before GC invocations=30 (full 3):
 garbage-first heap   total 61440K, used 49664K [0x0000000084200000, 0x0000000100000000)
  region size 1024K, 25 young (25600K), 0 survivors (0K)
 Metaspace       used 72216K, committed 72896K, reserved 1114112K
  class space    used 10030K, committed 10368K, reserved 1048576K
}
Event: 2424.206 GC heap after
{Heap after GC invocations=31 (full 3):
 garbage-first heap   total 61440K, used 27972K [0x0000000084200000, 0x0000000100000000)
  region size 1024K, 3 young (3072K), 3 survivors (3072K)
 Metaspace       used 72216K, committed 72896K, reserved 1114112K
  class space    used 10030K, committed 10368K, reserved 1048576K
}
Event: 2424.778 GC heap before
{Heap before GC invocations=32 (full 3):
 garbage-first heap   total 61440K, used 50500K [0x0000000084200000, 0x0000000100000000)
  region size 1024K, 26 young (26624K), 3 survivors (3072K)
 Metaspace       used 72343K, committed 73024K, reserved 1114112K
  class space    used 10058K, committed 10368K, reserved 1048576K
}
Event: 2424.787 GC heap after
{Heap after GC invocations=33 (full 3):
 garbage-first heap   total 61440K, used 30440K [0x0000000084200000, 0x0000000100000000)
  region size 1024K, 3 young (3072K), 3 survivors (3072K)
 Metaspace       used 72343K, committed 73024K, reserved 1114112K
  class space    used 10058K, committed 10368K, reserved 1048576K
}
Event: 2425.174 GC heap before
{Heap before GC invocations=33 (full 3):
 garbage-first heap   total 61440K, used 50920K [0x0000000084200000, 0x0000000100000000)
  region size 1024K, 24 young (24576K), 3 survivors (3072K)
 Metaspace       used 72533K, committed 73280K, reserved 1114112K
  class space    used 10081K, committed 10432K, reserved 1048576K
}
Event: 2425.184 GC heap after
{Heap after GC invocations=34 (full 3):
 garbage-first heap   total 61440K, used 33334K [0x0000000084200000, 0x0000000100000000)
  region size 1024K, 3 young (3072K), 3 survivors (3072K)
 Metaspace       used 72533K, committed 73280K, reserved 1114112K
  class space    used 10081K, committed 10432K, reserved 1048576K
}
Event: 2575.557 GC heap before
{Heap before GC invocations=34 (full 3):
 garbage-first heap   total 61440K, used 39478K [0x0000000084200000, 0x0000000100000000)
  region size 1024K, 10 young (10240K), 3 survivors (3072K)
 Metaspace       used 72560K, committed 73280K, reserved 1114112K
  class space    used 10085K, committed 10432K, reserved 1048576K
}
Event: 2575.632 GC heap after
{Heap after GC invocations=35 (full 4):
 garbage-first heap   total 61440K, used 26586K [0x0000000084200000, 0x0000000100000000)
  region size 1024K, 0 young (0K), 0 survivors (0K)
 Metaspace       used 72499K, committed 73280K, reserved 1114112K
  class space    used 10070K, committed 10432K, reserved 1048576K
}
Event: 2576.163 GC heap before
{Heap before GC invocations=35 (full 4):
 garbage-first heap   total 61440K, used 51162K [0x0000000084200000, 0x0000000100000000)
  region size 1024K, 24 young (24576K), 0 survivors (0K)
 Metaspace       used 72530K, committed 73280K, reserved 1114112K
  class space    used 10076K, committed 10432K, reserved 1048576K
}
Event: 2576.167 GC heap after
{Heap after GC invocations=36 (full 4):
 garbage-first heap   total 61440K, used 29161K [0x0000000084200000, 0x0000000100000000)
  region size 1024K, 3 young (3072K), 3 survivors (3072K)
 Metaspace       used 72530K, committed 73280K, reserved 1114112K
  class space    used 10076K, committed 10432K, reserved 1048576K
}
Event: 2576.533 GC heap before
{Heap before GC invocations=37 (full 4):
 garbage-first heap   total 61440K, used 50665K [0x0000000084200000, 0x0000000100000000)
  region size 1024K, 25 young (25600K), 3 survivors (3072K)
 Metaspace       used 72527K, committed 73344K, reserved 1114112K
  class space    used 10059K, committed 10432K, reserved 1048576K
}
Event: 2576.544 GC heap after
{Heap after GC invocations=38 (full 4):
 garbage-first heap   total 61440K, used 30806K [0x0000000084200000, 0x0000000100000000)
  region size 1024K, 2 young (2048K), 2 survivors (2048K)
 Metaspace       used 72527K, committed 73344K, reserved 1114112K
  class space    used 10059K, committed 10432K, reserved 1048576K
}
Event: 2628.560 GC heap before
{Heap before GC invocations=38 (full 4):
 garbage-first heap   total 61440K, used 51286K [0x0000000084200000, 0x0000000100000000)
  region size 1024K, 23 young (23552K), 2 survivors (2048K)
 Metaspace       used 72626K, committed 73344K, reserved 1114112K
  class space    used 10072K, committed 10432K, reserved 1048576K
}
Event: 2628.566 GC heap after
{Heap after GC invocations=39 (full 4):
 garbage-first heap   total 61440K, used 32573K [0x0000000084200000, 0x0000000100000000)
  region size 1024K, 2 young (2048K), 2 survivors (2048K)
 Metaspace       used 72626K, committed 73344K, reserved 1114112K
  class space    used 10072K, committed 10432K, reserved 1048576K
}
Event: 2628.573 GC heap before
{Heap before GC invocations=39 (full 4):
 garbage-first heap   total 61440K, used 32573K [0x0000000084200000, 0x0000000100000000)
  region size 1024K, 3 young (3072K), 2 survivors (2048K)
 Metaspace       used 72629K, committed 73344K, reserved 1114112K
  class space    used 10073K, committed 10432K, reserved 1048576K
}
Event: 2628.631 GC heap after
{Heap after GC invocations=40 (full 5):
 garbage-first heap   total 61440K, used 23538K [0x0000000084200000, 0x0000000100000000)
  region size 1024K, 0 young (0K), 0 survivors (0K)
 Metaspace       used 72536K, committed 73344K, reserved 1114112K
  class space    used 10053K, committed 10432K, reserved 1048576K
}
Event: 2629.130 GC heap before
{Heap before GC invocations=40 (full 5):
 garbage-first heap   total 61440K, used 51186K [0x0000000084200000, 0x0000000100000000)
  region size 1024K, 27 young (27648K), 0 survivors (0K)
 Metaspace       used 72609K, committed 73344K, reserved 1114112K
  class space    used 10069K, committed 10432K, reserved 1048576K
}

Dll operation events (11 events):
Event: 0.009 Loaded shared library F:\sts-4.27.0.RELEASE\plugins\org.eclipse.justj.openjdk.hotspot.jre.full.win32.x86_64_21.0.5.v20241023-1957\jre\bin\java.dll
Event: 0.048 Loaded shared library F:\sts-4.27.0.RELEASE\plugins\org.eclipse.justj.openjdk.hotspot.jre.full.win32.x86_64_21.0.5.v20241023-1957\jre\bin\zip.dll
Event: 0.175 Loaded shared library F:\sts-4.27.0.RELEASE\plugins\org.eclipse.justj.openjdk.hotspot.jre.full.win32.x86_64_21.0.5.v20241023-1957\jre\bin\jimage.dll
Event: 0.183 Loaded shared library F:\sts-4.27.0.RELEASE\plugins\org.eclipse.justj.openjdk.hotspot.jre.full.win32.x86_64_21.0.5.v20241023-1957\jre\bin\net.dll
Event: 0.185 Loaded shared library F:\sts-4.27.0.RELEASE\plugins\org.eclipse.justj.openjdk.hotspot.jre.full.win32.x86_64_21.0.5.v20241023-1957\jre\bin\nio.dll
Event: 0.188 Loaded shared library F:\sts-4.27.0.RELEASE\plugins\org.eclipse.justj.openjdk.hotspot.jre.full.win32.x86_64_21.0.5.v20241023-1957\jre\bin\zip.dll
Event: 0.264 Loaded shared library F:\sts-4.27.0.RELEASE\plugins\org.eclipse.justj.openjdk.hotspot.jre.full.win32.x86_64_21.0.5.v20241023-1957\jre\bin\management.dll
Event: 0.281 Loaded shared library F:\sts-4.27.0.RELEASE\plugins\org.eclipse.justj.openjdk.hotspot.jre.full.win32.x86_64_21.0.5.v20241023-1957\jre\bin\management_ext.dll
Event: 0.677 Loaded shared library F:\sts-4.27.0.RELEASE\plugins\org.eclipse.justj.openjdk.hotspot.jre.full.win32.x86_64_21.0.5.v20241023-1957\jre\bin\extnet.dll
Event: 2.246 Loaded shared library F:\sts-4.27.0.RELEASE\plugins\org.eclipse.justj.openjdk.hotspot.jre.full.win32.x86_64_21.0.5.v20241023-1957\jre\bin\sunmscapi.dll
Event: 4.911 Loaded shared library F:\sts-4.27.0.RELEASE\plugins\org.eclipse.justj.openjdk.hotspot.jre.full.win32.x86_64_21.0.5.v20241023-1957\jre\bin\verify.dll

Deoptimization events (0 events):
No events

Classes loaded (20 events):
Event: 664.389 Loading class java/util/WeakHashMap$HashIterator done
Event: 664.389 Loading class java/util/WeakHashMap$KeyIterator done
Event: 664.456 Loading class java/lang/ref/Finalizer$2
Event: 664.457 Loading class java/lang/ref/Finalizer$2 done
Event: 664.457 Loading class java/lang/ref/Finalizer$1
Event: 664.457 Loading class java/lang/ref/Finalizer$1 done
Event: 664.990 Loading class java/util/WeakHashMap$EntrySet
Event: 664.990 Loading class java/util/WeakHashMap$EntrySet done
Event: 664.990 Loading class java/util/WeakHashMap$EntryIterator
Event: 664.990 Loading class java/util/WeakHashMap$EntryIterator done
Event: 665.233 Loading class java/io/InvalidClassException
Event: 665.233 Loading class java/io/InvalidClassException done
Event: 665.586 Loading class java/time/DurationEditor
Event: 665.586 Loading class java/time/DurationEditor done
Event: 708.471 Loading class java/time/DurationEditor
Event: 708.471 Loading class java/time/DurationEditor done
Event: 2424.884 Loading class java/time/DurationEditor
Event: 2424.884 Loading class java/time/DurationEditor done
Event: 2576.589 Loading class java/time/DurationEditor
Event: 2576.589 Loading class java/time/DurationEditor done

Classes unloaded (20 events):
Event: 2628.598 Thread 0x00000216fe7c8d00 Unloading class 0x0000021688a42000 'java/lang/invoke/LambdaForm$MH+0x0000021688a42000'
Event: 2628.598 Thread 0x00000216fe7c8d00 Unloading class 0x0000021688a42800 'java/lang/invoke/LambdaForm$MH+0x0000021688a42800'
Event: 2628.598 Thread 0x00000216fe7c8d00 Unloading class 0x0000021688a4c000 'java/lang/invoke/LambdaForm$MH+0x0000021688a4c000'
Event: 2628.598 Thread 0x00000216fe7c8d00 Unloading class 0x0000021688a50000 'java/lang/invoke/LambdaForm$MH+0x0000021688a50000'
Event: 2628.598 Thread 0x00000216fe7c8d00 Unloading class 0x0000021688a51400 'java/lang/invoke/LambdaForm$MH+0x0000021688a51400'
Event: 2628.598 Thread 0x00000216fe7c8d00 Unloading class 0x0000021688a51c00 'java/lang/invoke/LambdaForm$MH+0x0000021688a51c00'
Event: 2628.598 Thread 0x00000216fe7c8d00 Unloading class 0x0000021688a52800 'java/lang/invoke/LambdaForm$MH+0x0000021688a52800'
Event: 2628.598 Thread 0x00000216fe7c8d00 Unloading class 0x0000021688a55800 'java/lang/invoke/LambdaForm$BMH+0x0000021688a55800'
Event: 2628.598 Thread 0x00000216fe7c8d00 Unloading class 0x00000216888ac800 'java/lang/invoke/LambdaForm$DMH+0x00000216888ac800'
Event: 2628.598 Thread 0x00000216fe7c8d00 Unloading class 0x0000021688a55c00 'org/apache/catalina/loader/JdbcLeakPrevention'
Event: 2628.598 Thread 0x00000216fe7c8d00 Unloading class 0x000002168889f000 'java/lang/invoke/LambdaForm$MH+0x000002168889f000'
Event: 2628.598 Thread 0x00000216fe7c8d00 Unloading class 0x0000021688910c00 'java/lang/invoke/LambdaForm$DMH+0x0000021688910c00'
Event: 2628.598 Thread 0x00000216fe7c8d00 Unloading class 0x0000021688364800 'java/lang/invoke/LambdaForm$MH+0x0000021688364800'
Event: 2628.598 Thread 0x00000216fe7c8d00 Unloading class 0x0000021688738000 'java/lang/invoke/LambdaForm$MH+0x0000021688738000'
Event: 2628.598 Thread 0x00000216fe7c8d00 Unloading class 0x00000216881d9800 'java/lang/invoke/LambdaForm$DMH+0x00000216881d9800'
Event: 2628.598 Thread 0x00000216fe7c8d00 Unloading class 0x0000021688335800 'java/lang/invoke/LambdaForm$MH+0x0000021688335800'
Event: 2628.598 Thread 0x00000216fe7c8d00 Unloading class 0x0000021688344000 'java/lang/invoke/LambdaForm$MH+0x0000021688344000'
Event: 2628.598 Thread 0x00000216fe7c8d00 Unloading class 0x00000216880c1800 'java/lang/invoke/LambdaForm$MH+0x00000216880c1800'
Event: 2628.598 Thread 0x00000216fe7c8d00 Unloading class 0x00000216888e0800 'java/lang/invoke/LambdaForm$MH+0x00000216888e0800'
Event: 2628.598 Thread 0x00000216fe7c8d00 Unloading class 0x00000216888cc400 'java/lang/invoke/LambdaForm$MH+0x00000216888cc400'

Classes redefined (0 events):
No events

Internal exceptions (20 events):
Event: 2576.315 Thread 0x00000216cf153c10 Exception <a 'java/io/FileNotFoundException'{0x0000000087569f70}> (0x0000000087569f70) 
thrown [s\src\hotspot\share\prims\jni.cpp, line 520]
Event: 2576.879 Thread 0x00000216cca214e0 Exception <a 'java/lang/NoSuchMethodError'{0x0000000086ca6968}: static [B.<clinit>()V> (0x0000000086ca6968) 
thrown [s\src\hotspot\share\prims\jni.cpp, line 1111]
Event: 2628.555 Thread 0x00000216cf156370 Exception <a 'java/io/IOException'{0x00000000869f3ed0}> (0x00000000869f3ed0) 
thrown [s\src\hotspot\share\prims\jni.cpp, line 520]
Event: 2628.558 Thread 0x00000216cf156370 Exception <a 'java/io/IOException'{0x00000000869f7570}> (0x00000000869f7570) 
thrown [s\src\hotspot\share\prims\jni.cpp, line 520]
Event: 2628.558 Thread 0x00000216cf156370 Exception <a 'java/io/IOException'{0x00000000869f82d8}> (0x00000000869f82d8) 
thrown [s\src\hotspot\share\prims\jni.cpp, line 520]
Event: 2628.559 Thread 0x00000216cf156370 Exception <a 'java/net/SocketException'{0x00000000869fb618}: Connection reset by peer: shutdown> (0x00000000869fb618) 
thrown [s\src\hotspot\share\prims\jni.cpp, line 539]
Event: 2628.559 Thread 0x00000216cf156370 Exception <a 'java/io/IOException'{0x00000000869fccf8}> (0x00000000869fccf8) 
thrown [s\src\hotspot\share\prims\jni.cpp, line 520]
Event: 2628.560 Thread 0x00000216cf156370 Exception <a 'java/io/IOException'{0x00000000869fecd0}> (0x00000000869fecd0) 
thrown [s\src\hotspot\share\prims\jni.cpp, line 520]
Event: 2628.560 Thread 0x00000216cf156370 Exception <a 'java/io/IOException'{0x00000000869ff8f0}> (0x00000000869ff8f0) 
thrown [s\src\hotspot\share\prims\jni.cpp, line 520]
Event: 2628.567 Thread 0x00000216cf156370 Exception <a 'java/io/IOException'{0x000000008bd01c50}> (0x000000008bd01c50) 
thrown [s\src\hotspot\share\prims\jni.cpp, line 520]
Event: 2628.568 Thread 0x00000216cf156370 Exception <a 'java/io/IOException'{0x000000008bd04fe0}> (0x000000008bd04fe0) 
thrown [s\src\hotspot\share\prims\jni.cpp, line 520]
Event: 2628.572 Thread 0x00000216cf1514b0 Exception <a 'java/lang/InterruptedException'{0x000000008bd26e48}: sleep interrupted> (0x000000008bd26e48) 
thrown [s\src\hotspot\share\prims\jvm.cpp, line 3074]
Event: 2628.649 Thread 0x00000216cf150e20 Exception <a 'sun/nio/fs/WindowsException'{0x000000008bdb34d8}> (0x000000008bdb34d8) 
thrown [s\src\hotspot\share\prims\jni.cpp, line 520]
Event: 2629.106 Thread 0x00000216cf150e20 Exception <a 'java/lang/NoClassDefFoundError'{0x000000008641fbc8}: org/flywaydb/core/Flyway> (0x000000008641fbc8) 
thrown [s\src\hotspot\share\oops\constantPool.cpp, line 873]
Event: 2629.106 Thread 0x00000216cf150e20 Exception <a 'java/lang/NoClassDefFoundError'{0x0000000086420228}: liquibase/integration/spring/SpringLiquibase> (0x0000000086420228) 
thrown [s\src\hotspot\share\oops\constantPool.cpp, line 873]
Event: 2629.112 Thread 0x00000216cf150e20 Exception <a 'java/lang/NoClassDefFoundError'{0x0000000086492b28}: org/jooq/DSLContext> (0x0000000086492b28) 
thrown [s\src\hotspot\share\oops\constantPool.cpp, line 873]
Event: 2629.112 Thread 0x00000216cf150e20 Exception <a 'java/lang/NoClassDefFoundError'{0x000000008649e200}: org/springframework/batch/core/repository/JobRepository> (0x000000008649e200) 
thrown [s\src\hotspot\share\oops\constantPool.cpp, line 873]
Event: 2629.112 Thread 0x00000216cf150e20 Exception <a 'java/lang/NoClassDefFoundError'{0x000000008649e858}: org/quartz/Scheduler> (0x000000008649e858) 
thrown [s\src\hotspot\share\oops\constantPool.cpp, line 873]
Event: 2629.112 Thread 0x00000216cf150e20 Exception <a 'java/lang/NoClassDefFoundError'{0x000000008649eed8}: org/springframework/session/jdbc/JdbcIndexedSessionRepository> (0x000000008649eed8) 
thrown [s\src\hotspot\share\oops\constantPool.cpp, line 873]
Event: 2629.118 Thread 0x00000216cf150e20 Exception <a 'java/lang/NoSuchMethodError'{0x000000008632e9e0}: 'void java.lang.invoke.DelegatingMethodHandle$Holder.reinvoke_L(java.lang.Object, java.lang.Object, int)'> (0x000000008632e9e0) 
thrown [s\src\hotspot\share\interpreter\linkResolver.cpp, line 773]

ZGC Phase Switch (0 events):
No events

VM Operations (20 events):
Event: 2575.632 Executing VM operation: G1CollectFull (System.gc()) done
Event: 2576.163 Executing VM operation: G1CollectForAllocation (G1 Evacuation Pause)
Event: 2576.167 Executing VM operation: G1CollectForAllocation (G1 Evacuation Pause) done
Event: 2576.242 Executing VM operation: G1PauseRemark
Event: 2576.254 Executing VM operation: G1PauseRemark done
Event: 2576.284 Executing VM operation: G1PauseCleanup
Event: 2576.284 Executing VM operation: G1PauseCleanup done
Event: 2576.533 Executing VM operation: G1CollectForAllocation (G1 Evacuation Pause)
Event: 2576.544 Executing VM operation: G1CollectForAllocation (G1 Evacuation Pause) done
Event: 2577.557 Executing VM operation: Cleanup
Event: 2577.557 Executing VM operation: Cleanup done
Event: 2585.977 Executing VM operation: HandshakeAllThreads (HandshakeForDeflation)
Event: 2585.977 Executing VM operation: HandshakeAllThreads (HandshakeForDeflation) done
Event: 2585.977 Executing VM operation: RendezvousGCThreads
Event: 2585.977 Executing VM operation: RendezvousGCThreads done
Event: 2628.560 Executing VM operation: G1CollectForAllocation (G1 Evacuation Pause)
Event: 2628.566 Executing VM operation: G1CollectForAllocation (G1 Evacuation Pause) done
Event: 2628.573 Executing VM operation: G1CollectFull (System.gc())
Event: 2628.632 Executing VM operation: G1CollectFull (System.gc()) done
Event: 2629.130 Executing VM operation: G1CollectForAllocation (G1 Evacuation Pause)

Memory protections (0 events):
No events

Nmethod flushes (20 events):
Event: 2628.609 Thread 0x00000216fe7c8d00 flushing  nmethod 0x000002168066cf90
Event: 2628.609 Thread 0x00000216fe7c8d00 flushing  nmethod 0x000002168079ce90
Event: 2628.609 Thread 0x00000216fe7c8d00 flushing  nmethod 0x000002168081ef10
Event: 2628.609 Thread 0x00000216fe7c8d00 flushing  nmethod 0x000002168089d810
Event: 2628.609 Thread 0x00000216fe7c8d00 flushing  nmethod 0x0000021680b14f10
Event: 2628.609 Thread 0x00000216fe7c8d00 flushing  nmethod 0x0000021680ba5d10
Event: 2628.609 Thread 0x00000216fe7c8d00 flushing  nmethod 0x000002168011c310
Event: 2628.609 Thread 0x00000216fe7c8d00 flushing  nmethod 0x000002168011fc90
Event: 2628.609 Thread 0x00000216fe7c8d00 flushing  nmethod 0x0000021680120790
Event: 2628.609 Thread 0x00000216fe7c8d00 flushing  nmethod 0x000002168014a890
Event: 2628.609 Thread 0x00000216fe7c8d00 flushing  nmethod 0x00000216801b2e90
Event: 2628.609 Thread 0x00000216fe7c8d00 flushing  nmethod 0x0000021680212510
Event: 2628.609 Thread 0x00000216fe7c8d00 flushing  nmethod 0x000002168044a610
Event: 2628.609 Thread 0x00000216fe7c8d00 flushing  nmethod 0x0000021680452690
Event: 2628.609 Thread 0x00000216fe7c8d00 flushing  nmethod 0x0000021680641a90
Event: 2628.609 Thread 0x00000216fe7c8d00 flushing  nmethod 0x000002168069b110
Event: 2628.609 Thread 0x00000216fe7c8d00 flushing  nmethod 0x0000021680738410
Event: 2628.609 Thread 0x00000216fe7c8d00 flushing  nmethod 0x0000021680a1ff10
Event: 2628.609 Thread 0x00000216fe7c8d00 flushing  nmethod 0x0000021680c4b510
Event: 2628.609 Thread 0x00000216fe7c8d00 flushing  nmethod 0x0000021680cc2110

Events (20 events):
Event: 2628.550 Thread 0x00000216cf157090 Thread exited: 0x00000216cf157090
Event: 2628.551 Thread 0x00000216cf152ef0 Thread exited: 0x00000216cf152ef0
Event: 2628.551 Thread 0x00000216cca22890 Thread exited: 0x00000216cca22890
Event: 2628.551 Thread 0x00000216cf1521d0 Thread exited: 0x00000216cf1521d0
Event: 2628.551 Thread 0x00000216cf150790 Thread exited: 0x00000216cf150790
Event: 2628.551 Thread 0x00000216cf154fc0 Thread exited: 0x00000216cf154fc0
Event: 2628.551 Thread 0x00000216cf157720 Thread exited: 0x00000216cf157720
Event: 2628.551 Thread 0x00000216cf150e20 Thread exited: 0x00000216cf150e20
Event: 2628.551 Thread 0x00000216cf155650 Thread exited: 0x00000216cf155650
Event: 2628.554 Thread 0x00000216cf153580 Thread added: 0x00000216cf156370
Event: 2628.555 Thread 0x00000216cf154930 Thread exited: 0x00000216cf154930
Event: 2628.569 Thread 0x00000216cf156370 Thread exited: 0x00000216cf156370
Event: 2628.572 Thread 0x00000216cf1514b0 Thread exited: 0x00000216cf1514b0
Event: 2628.573 Thread 0x00000216cf150100 Thread exited: 0x00000216cf150100
Event: 2628.573 Thread 0x00000216cf1542a0 Thread exited: 0x00000216cf1542a0
Event: 2628.632 Thread 0x00000216cf153580 Thread added: 0x00000216cf150100
Event: 2628.633 Thread 0x00000216cf150100 Thread exited: 0x00000216cf150100
Event: 2628.633 Thread 0x00000216cf153580 Thread added: 0x00000216cf150e20
Event: 2628.706 Thread 0x00000216cf150e20 Thread added: 0x00000216cf154fc0
Event: 2628.741 Thread 0x00000216cf154fc0 Thread exited: 0x00000216cf154fc0


Dynamic libraries:
0x00007ff6c33b0000 - 0x00007ff6c33be000 	F:\sts-4.27.0.RELEASE\plugins\org.eclipse.justj.openjdk.hotspot.jre.full.win32.x86_64_21.0.5.v20241023-1957\jre\bin\javaw.exe
0x00007ff939b90000 - 0x00007ff939d88000 	C:\Windows\SYSTEM32\ntdll.dll
0x00007ff937f80000 - 0x00007ff93803d000 	C:\Windows\System32\KERNEL32.DLL
0x00007ff937640000 - 0x00007ff937936000 	C:\Windows\System32\KERNELBASE.dll
0x00007ff9373f0000 - 0x00007ff9374f0000 	C:\Windows\System32\ucrtbase.dll
0x00007ff91e700000 - 0x00007ff91e71e000 	F:\sts-4.27.0.RELEASE\plugins\org.eclipse.justj.openjdk.hotspot.jre.full.win32.x86_64_21.0.5.v20241023-1957\jre\bin\VCRUNTIME140.dll
0x00007ff9271b0000 - 0x00007ff9271c8000 	F:\sts-4.27.0.RELEASE\plugins\org.eclipse.justj.openjdk.hotspot.jre.full.win32.x86_64_21.0.5.v20241023-1957\jre\bin\jli.dll
0x00007ff938970000 - 0x00007ff938b0f000 	C:\Windows\System32\USER32.dll
0x00007ff937a00000 - 0x00007ff937a22000 	C:\Windows\System32\win32u.dll
0x00007ff938150000 - 0x00007ff93817b000 	C:\Windows\System32\GDI32.dll
0x00007ff937a30000 - 0x00007ff937b47000 	C:\Windows\System32\gdi32full.dll
0x00007ff923f40000 - 0x00007ff9241da000 	C:\Windows\WinSxS\amd64_microsoft.windows.common-controls_6595b64144ccf1df_6.0.19041.4355_none_60b8b9eb71f62e16\COMCTL32.dll
0x00007ff937ee0000 - 0x00007ff937f7e000 	C:\Windows\System32\msvcrt.dll
0x00007ff9374f0000 - 0x00007ff93758d000 	C:\Windows\System32\msvcp_win.dll
0x00007ff939b00000 - 0x00007ff939b32000 	C:\Windows\System32\IMM32.DLL
0x00007ff932bb0000 - 0x00007ff932bbc000 	F:\sts-4.27.0.RELEASE\plugins\org.eclipse.justj.openjdk.hotspot.jre.full.win32.x86_64_21.0.5.v20241023-1957\jre\bin\vcruntime140_1.dll
0x00007ff917950000 - 0x00007ff9179dd000 	F:\sts-4.27.0.RELEASE\plugins\org.eclipse.justj.openjdk.hotspot.jre.full.win32.x86_64_21.0.5.v20241023-1957\jre\bin\msvcp140.dll
0x00007ff8f4b60000 - 0x00007ff8f58ef000 	F:\sts-4.27.0.RELEASE\plugins\org.eclipse.justj.openjdk.hotspot.jre.full.win32.x86_64_21.0.5.v20241023-1957\jre\bin\server\jvm.dll
0x00007ff938e70000 - 0x00007ff938f20000 	C:\Windows\System32\ADVAPI32.dll
0x00007ff937d70000 - 0x00007ff937e10000 	C:\Windows\System32\sechost.dll
0x00007ff9381b0000 - 0x00007ff9382d3000 	C:\Windows\System32\RPCRT4.dll
0x00007ff9379d0000 - 0x00007ff9379f7000 	C:\Windows\System32\bcrypt.dll
0x00007ff938da0000 - 0x00007ff938e0b000 	C:\Windows\System32\WS2_32.dll
0x00007ff9254e0000 - 0x00007ff925507000 	C:\Windows\SYSTEM32\WINMM.dll
0x00007ff928dd0000 - 0x00007ff928dda000 	C:\Windows\SYSTEM32\VERSION.dll
0x00007ff9367c0000 - 0x00007ff93680b000 	C:\Windows\SYSTEM32\POWRPROF.dll
0x00007ff936630000 - 0x00007ff936642000 	C:\Windows\SYSTEM32\UMPDC.dll
0x00007ff9350e0000 - 0x00007ff9350f2000 	C:\Windows\SYSTEM32\kernel.appcore.dll
0x00007ff9348c0000 - 0x00007ff9348ca000 	F:\sts-4.27.0.RELEASE\plugins\org.eclipse.justj.openjdk.hotspot.jre.full.win32.x86_64_21.0.5.v20241023-1957\jre\bin\jimage.dll
0x00007ff91f4d0000 - 0x00007ff91f6b4000 	C:\Windows\SYSTEM32\DBGHELP.DLL
0x00007ff91e7b0000 - 0x00007ff91e7e4000 	C:\Windows\SYSTEM32\dbgcore.DLL
0x00007ff937940000 - 0x00007ff9379c2000 	C:\Windows\System32\bcryptPrimitives.dll
0x00007ff9272e0000 - 0x00007ff9272ff000 	F:\sts-4.27.0.RELEASE\plugins\org.eclipse.justj.openjdk.hotspot.jre.full.win32.x86_64_21.0.5.v20241023-1957\jre\bin\java.dll
0x00007ff938f20000 - 0x00007ff93968b000 	C:\Windows\System32\SHELL32.dll
0x00007ff9352c0000 - 0x00007ff935a5d000 	C:\Windows\SYSTEM32\windows.storage.dll
0x00007ff9382e0000 - 0x00007ff938633000 	C:\Windows\System32\combase.dll
0x00007ff936c60000 - 0x00007ff936c8e000 	C:\Windows\SYSTEM32\Wldp.dll
0x00007ff937e10000 - 0x00007ff937edd000 	C:\Windows\System32\OLEAUT32.dll
0x00007ff9386d0000 - 0x00007ff93877d000 	C:\Windows\System32\SHCORE.dll
0x00007ff9388b0000 - 0x00007ff938905000 	C:\Windows\System32\shlwapi.dll
0x00007ff937170000 - 0x00007ff937194000 	C:\Windows\SYSTEM32\profapi.dll
0x00007ff923170000 - 0x00007ff923188000 	F:\sts-4.27.0.RELEASE\plugins\org.eclipse.justj.openjdk.hotspot.jre.full.win32.x86_64_21.0.5.v20241023-1957\jre\bin\zip.dll
0x00007ff932b60000 - 0x00007ff932b70000 	F:\sts-4.27.0.RELEASE\plugins\org.eclipse.justj.openjdk.hotspot.jre.full.win32.x86_64_21.0.5.v20241023-1957\jre\bin\net.dll
0x00007ff928560000 - 0x00007ff92866a000 	C:\Windows\SYSTEM32\WINHTTP.dll
0x00007ff9369c0000 - 0x00007ff936a2a000 	C:\Windows\system32\mswsock.dll
0x00007ff922c40000 - 0x00007ff922c56000 	F:\sts-4.27.0.RELEASE\plugins\org.eclipse.justj.openjdk.hotspot.jre.full.win32.x86_64_21.0.5.v20241023-1957\jre\bin\nio.dll
0x00007ff9279c0000 - 0x00007ff9279ca000 	F:\sts-4.27.0.RELEASE\plugins\org.eclipse.justj.openjdk.hotspot.jre.full.win32.x86_64_21.0.5.v20241023-1957\jre\bin\management.dll
0x00007ff9277a0000 - 0x00007ff9277ab000 	F:\sts-4.27.0.RELEASE\plugins\org.eclipse.justj.openjdk.hotspot.jre.full.win32.x86_64_21.0.5.v20241023-1957\jre\bin\management_ext.dll
0x00007ff939b40000 - 0x00007ff939b48000 	C:\Windows\System32\PSAPI.DLL
0x00007ff919810000 - 0x00007ff919827000 	C:\Windows\system32\napinsp.dll
0x00007ff9197f0000 - 0x00007ff91980b000 	C:\Windows\system32\pnrpnsp.dll
0x00007ff931830000 - 0x00007ff931845000 	C:\Windows\system32\wshbth.dll
0x00007ff932920000 - 0x00007ff93293d000 	C:\Windows\system32\NLAapi.dll
0x00007ff936650000 - 0x00007ff93668b000 	C:\Windows\SYSTEM32\IPHLPAPI.DLL
0x00007ff9366a0000 - 0x00007ff93676b000 	C:\Windows\SYSTEM32\DNSAPI.dll
0x00007ff938180000 - 0x00007ff938188000 	C:\Windows\System32\NSI.dll
0x00007ff918830000 - 0x00007ff918842000 	C:\Windows\System32\winrnr.dll
0x00007ff9298f0000 - 0x00007ff9298fa000 	C:\Windows\System32\rasadhlp.dll
0x00007ff924e60000 - 0x00007ff924ee0000 	C:\Windows\System32\fwpuclnt.dll
0x00007ff936bb0000 - 0x00007ff936bc8000 	C:\Windows\SYSTEM32\CRYPTSP.dll
0x00007ff936270000 - 0x00007ff9362a4000 	C:\Windows\system32\rsaenh.dll
0x00007ff937120000 - 0x00007ff93714e000 	C:\Windows\SYSTEM32\USERENV.dll
0x00007ff936bd0000 - 0x00007ff936bdc000 	C:\Windows\SYSTEM32\CRYPTBASE.dll
0x00007ff9267f0000 - 0x00007ff9267f9000 	F:\sts-4.27.0.RELEASE\plugins\org.eclipse.justj.openjdk.hotspot.jre.full.win32.x86_64_21.0.5.v20241023-1957\jre\bin\extnet.dll
0x00007ff9262b0000 - 0x00007ff9262be000 	F:\sts-4.27.0.RELEASE\plugins\org.eclipse.justj.openjdk.hotspot.jre.full.win32.x86_64_21.0.5.v20241023-1957\jre\bin\sunmscapi.dll
0x00007ff937240000 - 0x00007ff93739e000 	C:\Windows\System32\CRYPT32.dll
0x00007ff936cd0000 - 0x00007ff936cf9000 	C:\Windows\SYSTEM32\ncrypt.dll
0x00007ff936c90000 - 0x00007ff936ccb000 	C:\Windows\SYSTEM32\NTASN1.dll
0x00007ff92fb00000 - 0x00007ff92fb10000 	F:\sts-4.27.0.RELEASE\plugins\org.eclipse.justj.openjdk.hotspot.jre.full.win32.x86_64_21.0.5.v20241023-1957\jre\bin\verify.dll
0x00007ff9267e0000 - 0x00007ff9267e7000 	C:\Windows\system32\wshunix.dll

dbghelp: loaded successfully - version: 4.0.5 - missing functions: none
symbol engine: initialized successfully - sym options: 0x614 - pdb path: .;F:\sts-4.27.0.RELEASE\plugins\org.eclipse.justj.openjdk.hotspot.jre.full.win32.x86_64_21.0.5.v20241023-1957\jre\bin;C:\Windows\SYSTEM32;C:\Windows\WinSxS\amd64_microsoft.windows.common-controls_6595b64144ccf1df_6.0.19041.4355_none_60b8b9eb71f62e16;F:\sts-4.27.0.RELEASE\plugins\org.eclipse.justj.openjdk.hotspot.jre.full.win32.x86_64_21.0.5.v20241023-1957\jre\bin\server

VM Arguments:
jvm_args: -Dcom.sun.management.jmxremote -Dcom.sun.management.jmxremote.port=53644 -Dcom.sun.management.jmxremote.authenticate=false -Dcom.sun.management.jmxremote.ssl=false -Djava.rmi.server.hostname=localhost -Dspring.jmx.enabled=true -Dmanagement.endpoints.jmx.exposure.include=* -Dspring.application.admin.enabled=true -XX:TieredStopAtLevel=1 -Dspring.boot.project.name=Enotes_spring_boot_project -Dfile.encoding=UTF-8 -Dstdout.encoding=UTF-8 -Dstderr.encoding=UTF-8 -XX:+ShowCodeDetailsInExceptionMessages 
java_command: com.kartik.EnotesSpringBootProjectApplication --spring.output.ansi.enabled=always
java_class_path (initial): C:\Users\DELL\Documents\workspace-spring-tool-suite-4-4.27.0.RELEASE\Enotes_spring_boot_project\target\classes;C:\Users\DELL\.m2\repository\org\springframework\boot\spring-boot-starter-data-jpa\3.4.1\spring-boot-starter-data-jpa-3.4.1.jar;C:\Users\DELL\.m2\repository\org\springframework\boot\spring-boot-starter\3.4.1\spring-boot-starter-3.4.1.jar;C:\Users\DELL\.m2\repository\org\springframework\boot\spring-boot-starter-logging\3.4.1\spring-boot-starter-logging-3.4.1.jar;C:\Users\DELL\.m2\repository\ch\qos\logback\logback-classic\1.5.12\logback-classic-1.5.12.jar;C:\Users\DELL\.m2\repository\ch\qos\logback\logback-core\1.5.12\logback-core-1.5.12.jar;C:\Users\DELL\.m2\repository\org\apache\logging\log4j\log4j-to-slf4j\2.24.3\log4j-to-slf4j-2.24.3.jar;C:\Users\DELL\.m2\repository\org\apache\logging\log4j\log4j-api\2.24.3\log4j-api-2.24.3.jar;C:\Users\DELL\.m2\repository\org\slf4j\jul-to-slf4j\2.0.16\jul-to-slf4j-2.0.16.jar;C:\Users\DELL\.m2\repository\jakarta\annotation\jakarta.annotation-api\2.1.1\jakarta.annotation-api-2.1.1.jar;C:\Users\DELL\.m2\repository\org\yaml\snakeyaml\2.3\snakeyaml-2.3.jar;C:\Users\DELL\.m2\repository\org\springframework\boot\spring-boot-starter-jdbc\3.4.1\spring-boot-starter-jdbc-3.4.1.jar;C:\Users\DELL\.m2\repository\com\zaxxer\HikariCP\5.1.0\HikariCP-5.1.0.jar;C:\Users\DELL\.m2\repository\org\springframework\spring-jdbc\6.2.1\spring-jdbc-6.2.1.jar;C:\Users\DELL\.m2\repository\org\hibernate\orm\hibernate-core\6.6.4.Final\hibernate-core-6.6.4.Final.jar;C:\Users\DELL\.m2\repository\jakarta\persistence\jakarta.persistence-api\3.1.0\jakarta.persistence-api-3.1.0.jar;C:\Users\DELL\.m2\repository\jakarta\transaction\jakarta.transaction-api\2.0.1\jakarta.transaction-api-2.0.1.jar;C:\Users\DELL\.m2\repository\org\jboss\logging\jboss-logging\3.6.1.Final\jboss-logging-3.6.1.Final.jar;C:\Users\DELL\.m2\repository\org\hibernate\common\hibernate-commons-annotations\7.0.3.Final\hibernate-commons-annotations-7.0.3.Final.jar;C:\Users\DELL\.m2\repository\io\smallrye\jandex\3.2.0\jandex-3.2.0.jar;C:\Users\DELL\.m2\repository\com\fasterxml\classmate\1.7.0\classmate-1.7.0.jar;C:\Users\DELL\.m2\repository\net\bytebuddy\byte-buddy\1.15.11\byte-buddy-1.15.11.jar;C:\Users\DELL\.m2\repository\org\glassfish\jaxb\jaxb-runtime\4.0.5\jaxb-runtime-4.0.5.jar;C:\Users\DELL\.m2\repository\org\glassfish\jaxb\jaxb-core\4.0.5\jaxb-core-4.0.5.jar;C:\Users\DELL\.m2\repository\org\eclipse\angus\angus-activation\2.0.2\angus-activation-2.0.2.jar;C:\Users\DELL\.m2\repository\org\glassfish\jaxb\txw2\4.0.5\txw2-4.0.5.jar;C:\Users\DELL\.m2\repository\com\sun\istack\istack-commons-runtime\4.1.2\istack-commons-runtime-4.1.2.jar;C:\Users\DELL\.m2\repository\jakarta\inject\jakarta.inject-api\2.0.1\jakarta.inject-api-2.0.1.jar;C:\Users\DELL\.m2\repository\org\antlr\antlr4-runtime\4.13.0\antlr4-runtime-4.13.0.jar;C:\Users\DELL\.m2\repository\org\springframework\data\spring-data-jpa\3.4.1\spring-data-jpa-3.4.1.jar;C:\Users\DELL\.m2\repository\org\springframework\data\spring-data-commons\3.4.1\spring-data-commons-3.4.1.jar;C:\Users\DELL\.m2\repository\org\springframework\spring-orm\6.2.1\spring-orm-6.2.1.jar;C:\Users\DELL\.m2\repository\org\springframework\spring-context\6.2.1\spring-context-6.2.1.jar;C:\Users\DELL\.m2\repository\org\springframework\spring-aop\6.2.1\spring-aop-6.2.1.jar;C:\Users\DELL\.m2\repository\org\springframework\spring-tx\6.2.1\spring-tx-6.2.1.jar;C:\Users\DELL\.m2\repository\org\springframework\spring-beans\6.2.1\spring-beans-6.2.1.jar;C:\Users\DELL\.m2\repository\org\slf4j\slf4j-api\2.0.16\slf4j-api-2.0.16.jar;C:\Users\DELL\.m2\repository\org\springframework\spring-aspects\6.2.1\spring-aspects-6.2.1.jar;C:\Users\DELL\.m2\repository\org\aspectj\aspectjweaver\1.9.22.1\aspectjweaver-1.9.22.1.jar;C:\Users\DELL\.m2\repository\org\springframework\boot\spring-boot-starter-thymeleaf\3.4.1\spring-boot-starter-thymeleaf-3.4.1.jar;C:\Users\DELL\.m2\repository\org\thymeleaf\thymeleaf-spring6\3.1.3.RELEASE\thymeleaf-spring6-3.1.3.RELEASE.jar;C:\Users\DELL\.m2\repository\org\thymeleaf\thymeleaf\3.1.3.RELEASE\thymeleaf-3.1.3.RELEASE.jar;C:\Users\DELL\.m2\repository\org\attoparser\attoparser\2.0.7.RELEASE\attoparser-2.0.7.RELEASE.jar;C:\Users\DELL\.m2\repository\org\unbescape\unbescape\1.1.6.RELEASE\unbescape-1.1.6.RELEASE.jar;C:\Users\DELL\.m2\repository\org\springframework\boot\spring-boot-starter-web\3.4.1\spring-boot-starter-web-3.4.1.jar;C:\Users\DELL\.m2\repository\org\springframework\boot\spring-boot-starter-json\3.4.1\spring-boot-starter-json-3.4.1.jar;C:\Users\DELL\.m2\repository\com\fasterxml\jackson\core\jackson-databind\2.18.2\jackson-databind-2.18.2.jar;C:\Users\DELL\.m2\repository\com\fasterxml\jackson\core\jackson-annotations\2.18.2\jackson-annotations-2.18.2.jar;C:\Users\DELL\.m2\repository\com\fasterxml\jackson\core\jackson-core\2.18.2\jackson-core-2.18.2.jar;C:\Users\DELL\.m2\repository\com\fasterxml\jackson\datatype\jackson-datatype-jdk8\2.18.2\jackson-datatype-jdk8-2.18.2.jar;C:\Users\DELL\.m2\repository\com\fasterxml\jackson\datatype\jackson-datatype-jsr310\2.18.2\jackson-datatype-jsr310-2.18.2.jar;C:\Users\DELL\.m2\repository\com\fasterxml\jackson\module\jackson-module-parameter-names\2.18.2\jackson-module-parameter-names-2.18.2.jar;C:\Users\DELL\.m2\repository\org\springframework\boot\spring-boot-starter-tomcat\3.4.1\spring-boot-starter-tomcat-3.4.1.jar;C:\Users\DELL\.m2\repository\org\apache\tomcat\embed\tomcat-embed-core\10.1.34\tomcat-embed-core-10.1.34.jar;C:\Users\DELL\.m2\repository\org\apache\tomcat\embed\tomcat-embed-el\10.1.34\tomcat-embed-el-10.1.34.jar;C:\Users\DELL\.m2\repository\org\apache\tomcat\embed\tomcat-embed-websocket\10.1.34\tomcat-embed-websocket-10.1.34.jar;C:\Users\DELL\.m2\repository\org\springframework\spring-web\6.2.1\spring-web-6.2.1.jar;C:\Users\DELL\.m2\repository\io\micrometer\micrometer-observation\1.14.2\micrometer-observation-1.14.2.jar;C:\Users\DELL\.m2\repository\io\micrometer\micrometer-commons\1.14.2\micrometer-commons-1.14.2.jar;C:\Users\DELL\.m2\repository\org\springframework\spring-webmvc\6.2.1\spring-webmvc-6.2.1.jar;C:\Users\DELL\.m2\repository\org\springframework\spring-expression\6.2.1\spring-expression-6.2.1.jar;C:\Users\DELL\.m2\repository\org\springframework\boot\spring-boot-devtools\3.4.1\spring-boot-devtools-3.4.1.jar;C:\Users\DELL\.m2\repository\org\springframework\boot\spring-boot\3.4.1\spring-boot-3.4.1.jar;C:\Users\DELL\.m2\repository\org\springframework\boot\spring-boot-autoconfigure\3.4.1\spring-boot-autoconfigure-3.4.1.jar;C:\Users\DELL\.m2\repository\com\mysql\mysql-connector-j\9.1.0\mysql-connector-j-9.1.0.jar;C:\Users\DELL\.m2\repository\jakarta\xml\bind\jakarta.xml.bind-api\4.0.2\jakarta.xml.bind-api-4.0.2.jar;C:\Users\DELL\.m2\repository\jakarta\activation\jakarta.activation-api\2.1.3\jakarta.activation-api-2.1.3.jar;C:\Users\DELL\.m2\repository\org\springframework\spring-core\6.2.1\spring-core-6.2.1.jar;C:\Users\DELL\.m2\repository\org\springframework\spring-jcl\6.2.1\spring-jcl-6.2.1.jar
Launcher Type: SUN_STANDARD

[Global flags]
     intx CICompilerCount                          = 3                                         {product} {ergonomic}
     uint ConcGCThreads                            = 1                                         {product} {ergonomic}
     uint G1ConcRefinementThreads                  = 4                                         {product} {ergonomic}
   size_t G1HeapRegionSize                         = 1048576                                   {product} {ergonomic}
    uintx GCDrainStackTargetSize                   = 64                                        {product} {ergonomic}
   size_t InitialHeapSize                          = 130023424                                 {product} {ergonomic}
     bool ManagementServer                         = true                                      {product} {command line}
   size_t MarkStackSize                            = 4194304                                   {product} {ergonomic}
   size_t MaxHeapSize                              = 2078277632                                {product} {ergonomic}
   size_t MaxNewSize                               = 1246756864                                {product} {ergonomic}
   size_t MinHeapDeltaBytes                        = 1048576                                   {product} {ergonomic}
   size_t MinHeapSize                              = 8388608                                   {product} {ergonomic}
    uintx NonNMethodCodeHeapSize                   = 4096                                   {pd product} {ergonomic}
    uintx NonProfiledCodeHeapSize                  = 0                                      {pd product} {ergonomic}
     bool ProfileInterpreter                       = false                                  {pd product} {command line}
    uintx ProfiledCodeHeapSize                     = 0                                      {pd product} {ergonomic}
     bool ShowCodeDetailsInExceptionMessages       = true                                   {manageable} {command line}
   size_t SoftMaxHeapSize                          = 2078277632                             {manageable} {ergonomic}
     intx TieredStopAtLevel                        = 1                                         {product} {command line}
     bool UseCompressedOops                        = true                           {product lp64_product} {ergonomic}
     bool UseG1GC                                  = true                                      {product} {ergonomic}
     bool UseLargePagesIndividualAllocation        = false                                  {pd product} {ergonomic}

Logging:
Log output configuration:
 #0: stdout all=warning uptime,level,tags foldmultilines=false
 #1: stderr all=off uptime,level,tags foldmultilines=false

Environment Variables:
CLASSPATH=C:\mysql-connector-j-8.3.0.jar;.;
PATH=F:/sts-4.27.0.RELEASE//plugins/org.eclipse.justj.openjdk.hotspot.jre.full.win32.x86_64_21.0.5.v20241023-1957/jre/bin/server;F:/sts-4.27.0.RELEASE//plugins/org.eclipse.justj.openjdk.hotspot.jre.full.win32.x86_64_21.0.5.v20241023-1957/jre/bin;C:\oraclexe\app\oracle\product\11.2.0\server\bin;C:\Program Files\Common Files\Oracle\Java\javapath;C:\Windows\system32;C:\Windows;C:\Windows\System32\Wbem;C:\Windows\System32\WindowsPowerShell\v1.0\;C:\Windows\System32\OpenSSH\;C:\Mingw\mingw32\bin;C:\Program Files\dotnet\;C:\Program Files\MySQL\MySQL Server 8.0\bin;C:\Program Files\MySQL\MySQL Server 8.0\bin;C:\Program Files (x86)\dotnet\;C:\Program Files\Java\jdk-21\bin;C:\Program Files\MySQL\MySQL Shell 8.0\bin\;C:\Users\DELL\AppData\Local\Microsoft\WindowsApps;F:\sts-4.27.0.RELEASE;
USERNAME=DELL
OS=Windows_NT
PROCESSOR_IDENTIFIER=Intel64 Family 6 Model 78 Stepping 3, GenuineIntel
TMP=C:\Users\DELL\AppData\Local\Temp
TEMP=C:\Users\DELL\AppData\Local\Temp




Periodic native trim disabled

---------------  S Y S T E M  ---------------

OS:
 Windows 10 , 64 bit Build 19041 (10.0.19041.3636)
OS uptime: 18 days 5:08 hours

CPU: total 4 (initial active 4) (2 cores per cpu, 2 threads per core) family 6 model 78 stepping 3 microcode 0xf0, cx8, cmov, fxsr, ht, mmx, 3dnowpref, sse, sse2, sse3, ssse3, sse4.1, sse4.2, popcnt, lzcnt, tsc, tscinvbit, avx, avx2, aes, erms, clmul, bmi1, bmi2, rtm, adx, fma, vzeroupper, clflush, clflushopt, rdtscp, f16c
Processor Information for all 4 processors :
  Max Mhz: 2301, Current Mhz: 2301, Mhz Limit: 2301

Memory: 4k page, system-wide physical 7926M (416M free)
TotalPageFile size 9726M (AvailPageFile size 24M)
current process WorkingSet (physical memory assigned to process): 231M, peak: 231M
current process commit charge ("private bytes"): 322M, peak: 366M

vm_info: OpenJDK 64-Bit Server VM (21.0.5+11-LTS) for windows-amd64 JRE (21.0.5+11-LTS), built on 2024-10-15T00:00:00Z by "admin" with MS VC++ 17.7 (VS2022)

END.
